#
# There is insufficient memory for the Java Runtime Environment to continue.
# Native memory allocation (mmap) failed to map 268435456 bytes for Failed to commit area from 0x00000006c1c00000 to 0x00000006d1c00000 of length 268435456.
# Possible reasons:
#   The system is out of physical RAM or swap space
#   The process is running with CompressedOops enabled, and the Java Heap may be blocking the growth of the native heap
# Possible solutions:
#   Reduce memory load on the system
#   Increase physical memory or swap space
#   Check if swap backing store is full
#   Decrease Java heap size (-Xmx/-Xms)
#   Decrease number of Java threads
#   Decrease Java thread stack sizes (-Xss)
#   Set larger code cache with -XX:ReservedCodeCacheSize=
# This output file may be truncated or incomplete.
#
#  Out of Memory Error (t:/workspace/open/src/hotspot/os/windows/os_windows.cpp:3221), pid=32980, tid=39452
#
# JRE version:  (10.0.2+13) (build )
# Java VM: Java HotSpot(TM) 64-Bit Server VM (10.0.2+13, mixed mode, aot, tiered, compressed oops, g1 gc, windows-amd64)
# No core dump will be written. Minidumps are not enabled by default on client versions of Windows
#

---------------  S U M M A R Y ------------

Command Line: -Dfile.encoding=Cp1252 a1.Starter

Host: Intel(R) Core(TM) i7-7700HQ CPU @ 2.80GHz, 8 cores, 15G,  Windows 10 , 64 bit Build 17134 (10.0.17134.1)
Time: Tue Sep 25 14:44:28 2018 Pacific Daylight Time elapsed time: 0 seconds (0d 0h 0m 0s)

---------------  T H R E A D  ---------------

Current thread (0x000001e650100000):  JavaThread "Unknown thread" [_thread_in_vm, id=39452, stack(0x000000cfc4700000,0x000000cfc4800000)]

Stack: [0x000000cfc4700000,0x000000cfc4800000]
Native frames: (J=compiled Java code, j=interpreted, Vv=VM code, C=native code)
V  [jvm.dll+0x5a01a9]
V  [jvm.dll+0x6bcf31]
V  [jvm.dll+0x6be126]
V  [jvm.dll+0x6be7b3]
V  [jvm.dll+0x234978]
V  [jvm.dll+0x59dac4]
V  [jvm.dll+0x592825]
V  [jvm.dll+0x2f632b]
V  [jvm.dll+0x2f6295]
V  [jvm.dll+0x2f6172]
V  [jvm.dll+0x2f8366]
V  [jvm.dll+0x344293]
V  [jvm.dll+0x3449a6]
V  [jvm.dll+0x344393]
V  [jvm.dll+0x2c4628]
V  [jvm.dll+0x2c5771]
V  [jvm.dll+0x69d1db]
V  [jvm.dll+0x69e9fc]
V  [jvm.dll+0x3519e9]
V  [jvm.dll+0x6856a2]
V  [jvm.dll+0x3ba0c3]
V  [jvm.dll+0x3bc261]
C  [javaw.exe+0x3541]
C  [javaw.exe+0xe1cf]
C  [javaw.exe+0xe376]
C  [KERNEL32.DLL+0x13034]
C  [ntdll.dll+0x71461]


---------------  P R O C E S S  ---------------

Threads class SMR info:
_java_thread_list=0x000001e64df1ba40, length=0, elements={
}

Java Threads: ( => current thread )

Other Threads:
  0x000001e65011a000 GCTaskThread "GC Thread#0" [stack: 0x000000cfc4800000,0x000000cfc4900000] [id=39448]
  0x000001e65011b000 GCTaskThread "GC Thread#1" [stack: 0x000000cfc4900000,0x000000cfc4a00000] [id=39444]
  0x000001e650120000 GCTaskThread "GC Thread#2" [stack: 0x000000cfc4a00000,0x000000cfc4b00000] [id=39440]
  0x000001e650122000 GCTaskThread "GC Thread#3" [stack: 0x000000cfc4b00000,0x000000cfc4c00000] [id=39468]
  0x000001e650128000 GCTaskThread "GC Thread#4" [stack: 0x000000cfc4c00000,0x000000cfc4d00000] [id=39456]
  0x000001e65012a800 GCTaskThread "GC Thread#5" [stack: 0x000000cfc4d00000,0x000000cfc4e00000] [id=39472]
  0x000001e650128800 GCTaskThread "GC Thread#6" [stack: 0x000000cfc4e00000,0x000000cfc4f00000] [id=39476]
  0x000001e65012e000 GCTaskThread "GC Thread#7" [stack: 0x000000cfc4f00000,0x000000cfc5000000] [id=39436]
  0x000001e650182000 ConcurrentGCThread "G1 Main Marker" [stack: 0x000000cfc5000000,0x000000cfc5100000] [id=39888]
  0x000001e650129000 ConcurrentGCThread "G1 Conc#0" [stack: 0x000000cfc5100000,0x000000cfc5200000] [id=35348]
  0x000001e65012a000 ConcurrentGCThread "G1 Conc#1" [stack: 0x000000cfc5200000,0x000000cfc5300000] [id=38144]

[error occurred during error reporting (printing all threads), id 0xe0000002]

VM state:not at safepoint (not fully initialized)

VM Mutex/Monitor currently owned by a thread:  ([mutex/lock_event])
[0x000001e6500fe610] Heap_lock - owner thread: 0x000001e650100000

Heap address: 0x00000006c1c00000, size: 4068 MB, Compressed Oops mode: Non-zero based: 0x00000006c1c00000
Narrow klass base: 0x0000000000000000, Narrow klass shift: 0

GC Heap History (0 events):
No events

Deoptimization events (0 events):
No events

Classes redefined (0 events):
No events

Internal exceptions (0 events):
No events

Events (0 events):
No events


Dynamic libraries:
0x00007ff74a760000 - 0x00007ff74a79e000 	C:\Program Files\Java\jre-10.0.2\bin\javaw.exe
0x00007ffc0c880000 - 0x00007ffc0ca61000 	C:\WINDOWS\SYSTEM32\ntdll.dll
0x00007ffc0a460000 - 0x00007ffc0a512000 	C:\WINDOWS\System32\KERNEL32.DLL
0x00007ffc09890000 - 0x00007ffc09b03000 	C:\WINDOWS\System32\KERNELBASE.dll
0x00007ffc0ab40000 - 0x00007ffc0abe1000 	C:\WINDOWS\System32\ADVAPI32.dll
0x00007ffc0abf0000 - 0x00007ffc0ac8e000 	C:\WINDOWS\System32\msvcrt.dll
0x00007ffc0a9a0000 - 0x00007ffc0a9fb000 	C:\WINDOWS\System32\sechost.dll
0x00007ffc0ad30000 - 0x00007ffc0ae54000 	C:\WINDOWS\System32\RPCRT4.dll
0x00007ffc09d90000 - 0x00007ffc09f20000 	C:\WINDOWS\System32\USER32.dll
0x00007ffc09060000 - 0x00007ffc09080000 	C:\WINDOWS\System32\win32u.dll
0x00007ffc0a340000 - 0x00007ffc0a368000 	C:\WINDOWS\System32\GDI32.dll
0x00007ffc09b10000 - 0x00007ffc09ca2000 	C:\WINDOWS\System32\gdi32full.dll
0x00007ffc08ef0000 - 0x00007ffc08f8f000 	C:\WINDOWS\System32\msvcp_win.dll
0x00007ffc09790000 - 0x00007ffc0988a000 	C:\WINDOWS\System32\ucrtbase.dll
0x00007ffbfc950000 - 0x00007ffbfcbb9000 	C:\WINDOWS\WinSxS\amd64_microsoft.windows.common-controls_6595b64144ccf1df_6.0.17134.286_none_fb43982d306480cc\COMCTL32.dll
0x00007ffc01600000 - 0x00007ffc0160a000 	C:\WINDOWS\SYSTEM32\VERSION.dll
0x00007ffc0a010000 - 0x00007ffc0a333000 	C:\WINDOWS\System32\combase.dll
0x00007ffc08f90000 - 0x00007ffc0900a000 	C:\WINDOWS\System32\bcryptPrimitives.dll
0x00007ffc0a970000 - 0x00007ffc0a99d000 	C:\WINDOWS\System32\IMM32.DLL
0x00007ffbb3480000 - 0x00007ffbb356f000 	C:\Program Files\Java\jre-10.0.2\bin\msvcr120.dll
0x00007ffbbb650000 - 0x00007ffbbb6f6000 	C:\Program Files\Java\jre-10.0.2\bin\msvcp120.dll
0x000000005d400000 - 0x000000005de70000 	C:\Program Files\Java\jre-10.0.2\bin\server\jvm.dll
0x00007ffc0b340000 - 0x00007ffc0b348000 	C:\WINDOWS\System32\PSAPI.DLL
0x00007ffc05980000 - 0x00007ffc059a3000 	C:\WINDOWS\SYSTEM32\WINMM.dll
0x00007ffbf19c0000 - 0x00007ffbf19c9000 	C:\WINDOWS\SYSTEM32\WSOCK32.dll
0x00007ffc0aad0000 - 0x00007ffc0ab3c000 	C:\WINDOWS\System32\WS2_32.dll
0x00007ffc05920000 - 0x00007ffc0594a000 	C:\WINDOWS\SYSTEM32\winmmbase.dll
0x00007ffc09010000 - 0x00007ffc09059000 	C:\WINDOWS\System32\cfgmgr32.dll
0x00007ffbf0a30000 - 0x00007ffbf0a3f000 	C:\Program Files\Java\jre-10.0.2\bin\verify.dll
0x00007ffbfefb0000 - 0x00007ffbff179000 	C:\WINDOWS\SYSTEM32\DBGHELP.DLL
0x00007ffbff380000 - 0x00007ffbff3a9000 	C:\WINDOWS\SYSTEM32\dbgcore.DLL
0x00007ffbe8bb0000 - 0x00007ffbe8bd7000 	C:\Program Files\Java\jre-10.0.2\bin\java.dll
0x00007ffbeb660000 - 0x00007ffbeb676000 	C:\Program Files\Java\jre-10.0.2\bin\zip.dll
0x00007ffbef8b0000 - 0x00007ffbef8ba000 	C:\Program Files\Java\jre-10.0.2\bin\jimage.dll

dbghelp: loaded successfully - version: 4.0.5 - missing functions: none
symbol engine: initialized successfully - sym options: 0x614 - pdb path: .;C:\Program Files\Java\jre-10.0.2\bin;C:\WINDOWS\SYSTEM32;C:\WINDOWS\WinSxS\amd64_microsoft.windows.common-controls_6595b64144ccf1df_6.0.17134.286_none_fb43982d306480cc;C:\Program Files\Java\jre-10.0.2\bin\server

VM Arguments:
jvm_args: -Dfile.encoding=Cp1252 
java_command: a1.Starter
java_class_path (initial): D:\Users\Chris\Documents\workspace\CSC155\a1\bin;C:\javagaming\graphicslib3D\graphicslib3D.jar;C:\javagaming\jogamp-all-platforms\jar\gluegen-rt.jar;C:\javagaming\jogamp-all-platforms\jar\jogl-all.jar
Launcher Type: SUN_STANDARD

Logging:
Log output configuration:
#0: stdout all=warning uptime,level,tags
#1: stderr all=off uptime,level,tags

Environment Variables:
JAVA_HOME=C:\Program Files\Java\jdk-9.0.4
CLASSPATH=C:\javagaming\jogl\jogamp-all-platforms\jar\gluegen-rt.jar;C:\javagaming\jogl\jogamp-all-platforms\jar\jogl-all.jar;C:\javagaming\vecmath\vecmath.jar;C:\javagaming\rage165\ray.jar;C:\javagaming\jinput\jinput.jar;C:\javagaming\jbullet\jbullet.jar;C:\javagaming\graphicslib3D\graphicslib3D.jar;
PATH=C:\Python27\;C:\Python27\Scripts;C:\Program Files (x86)\Common Files\Oracle\Java\javapath;C:\Program Files (x86)\Intel\iCLS Client\;C:\Program Files\Intel\iCLS Client\;C:\ProgramData\Oracle\Java\javapath;C:\Windows\system32;C:\Windows;C:\Windows\System32\Wbem;C:\Windows\System32\WindowsPowerShell\v1.0\;C:\Program Files (x86)\NVIDIA Corporation\PhysX\Common;C:\Program Files\Microsoft SQL Server\130\Tools\Binn\;C:\Program Files\dotnet\;C:\Program Files\Java\jre-9.0.4\bin;C:\Program Files\Java\jdk-9.0.4\bin;C:\Users\Chris\.dnx\bin;C:\Program Files\Microsoft DNX\Dnvm\;C:\Program Files\Microsoft SQL Server\120\Tools\Binn\;C:\Program Files (x86)\Intel\Intel(R) Management Engine Components\DAL;C:\Program Files\Intel\Intel(R) Management Engine Components\DAL;C:\Program Files (x86)\Intel\Intel(R) Management Engine Components\IPT;C:\Program Files\Intel\Intel(R) Management Engine Components\IPT;C:\WINDOWS\system32;C:\WINDOWS;C:\WINDOWS\System32\Wbem;C:\WINDOWS\System32\WindowsPowerShell\v1.0\;C:\WINDOWS\System32\OpenSSH\;C:\Program Files (x86)\GtkSharp\2.12\bin;C:\Program Files\Common Files\Autodesk Shared\;C:\Program Files (x86)\Autodesk\Backburner\;C:\Program Files\010 Editor;C:\Program Files\Microsoft VS Code\bin;C:\Program Files (x86)\QT Lite\QTSystem;C:\Program Files\nodejs\;C:\Program Files\Git\cmd;C:\Users\Chris\AppData\Local\Microsoft\WindowsApps;C:\Users\Chris\AppData\Roaming\Dashlane\6.5.0.12978\bin\Firefox_Extension\{442718d9-475e-452a-b3e1-fb1ee16b8e9f}\components;C:\Users\Chris\AppData\Roaming\Dashlane\6.5.0.12978\ucrt;C:\Users\Chris\AppData\Roaming\Dashlane\6.5.0.12978\bin\Qt;C:\Users\Chris\AppData\Roaming\Dashlane\6.5.0.12978\ucrt;C:\Users\Chris\AppData\Roaming\Dashlane\6.5.0.12978\bin\Ssl;C:\Users\Chris\AppData\Roaming\npm
USERNAME=Chris
OS=Windows_NT
PROCESSOR_IDENTIFIER=Intel64 Family 6 Model 158 Stepping 9, GenuineIntel



---------------  S Y S T E M  ---------------

OS: Windows 10 , 64 bit Build 17134 (10.0.17134.1)

CPU:total 8 (initial active 8) (4 cores per cpu, 2 threads per core) family 6 model 158 stepping 9, cmov, cx8, fxsr, mmx, sse, sse2, sse3, ssse3, sse4.1, sse4.2, popcnt, avx, avx2, aes, clmul, erms, 3dnowpref, lzcnt, ht, tsc, tscinvbit, bmi1, bmi2, adx, fma

Memory: 4k page, physical 16660372k(5384984k free), swap 47838992k(217000k free)

vm_info: Java HotSpot(TM) 64-Bit Server VM (10.0.2+13) for windows-amd64 JRE (10.0.2+13), built on Jun 28 2018 01:57:56 by "mach5one" with MS VC++ 12.0 (VS2013)

END.
